<?xml version="1.0" encoding="UTF-8"?>
<!-- Generated by org.testng.reporters.JUnitXMLReporter -->
<testsuite ignored="0" hostname="DESKTOP-RKHHEF3" failures="1" tests="2" name="App Testing1" time="0.099" errors="0" timestamp="2022-03-10T14:16:55 PST">
  <testcase classname="Academy.demo2" name="test4" time="0.0"/>
  <testcase classname="Academy.demo2" name="test5" time="0.002">
    <failure type="junit.framework.AssertionFailedError">
      <![CDATA[junit.framework.AssertionFailedError
at junit.framework.Assert.fail(Assert.java:55)
at junit.framework.Assert.assertTrue(Assert.java:22)
at junit.framework.Assert.assertFalse(Assert.java:39)
at junit.framework.Assert.assertFalse(Assert.java:47)
at Academy.demo2.test5(demo2.java:16)
at java.base/java.util.ArrayList.forEach(ArrayList.java:1511)
... Removed 31 stack frames]]>
    </failure>
  </testcase> <!-- test5 -->
</testsuite> <!-- App Testing1 -->
