<?xml version="1.0" encoding="UTF-8"?>
<testng-results ignored="0" total="5" passed="4" failed="1" skipped="0">
  <reporter-output>
  </reporter-output>
  <suite started-at="2022-03-10T14:16:53 PST" name="Suite" finished-at="2022-03-10T14:16:55 PST" duration-ms="1493">
    <groups>
    </groups>
    <test started-at="2022-03-10T14:16:53 PST" name="App Testing" finished-at="2022-03-10T14:16:55 PST" duration-ms="1346">
      <class name="Academy.demo1">
        <test-method is-config="true" signature="test2()[pri:0, instance:Academy.demo1@16610890]" started-at="2022-03-10T14:16:53 PST" name="test2" finished-at="2022-03-10T14:16:53 PST" duration-ms="1" status="PASS">
          <reporter-output>
          </reporter-output>
        </test-method> <!-- test2 -->
        <test-method is-config="true" signature="test3()[pri:0, instance:Academy.demo1@16610890]" started-at="2022-03-10T14:16:53 PST" name="test3" finished-at="2022-03-10T14:16:53 PST" duration-ms="1" status="PASS">
          <reporter-output>
          </reporter-output>
        </test-method> <!-- test3 -->
        <test-method is-config="true" signature="test44()[pri:0, instance:Academy.demo1@16610890]" started-at="2022-03-10T14:16:53 PST" name="test44" finished-at="2022-03-10T14:16:53 PST" duration-ms="0" status="PASS">
          <reporter-output>
          </reporter-output>
        </test-method> <!-- test44 -->
        <test-method signature="test4(java.lang.String)[pri:0, instance:Academy.demo1@16610890]" started-at="2022-03-10T14:16:53 PST" name="test4" finished-at="2022-03-10T14:16:53 PST" duration-ms="5" status="PASS">
          <params>
            <param index="0">
              <value>
                <![CDATA[hello1]]>
              </value>
            </param>
          </params>
          <reporter-output>
          </reporter-output>
        </test-method> <!-- test4 -->
        <test-method is-config="true" signature="test44()[pri:0, instance:Academy.demo1@16610890]" started-at="2022-03-10T14:16:54 PST" name="test44" finished-at="2022-03-10T14:16:54 PST" duration-ms="1" status="PASS">
          <reporter-output>
          </reporter-output>
        </test-method> <!-- test44 -->
        <test-method signature="test5(java.lang.String)[pri:0, instance:Academy.demo1@16610890]" started-at="2022-03-10T14:16:54 PST" name="test5" data-provider="getData" finished-at="2022-03-10T14:16:54 PST" duration-ms="4" status="PASS">
          <params>
            <param index="0">
              <value>
                <![CDATA[h]]>
              </value>
            </param>
          </params>
          <reporter-output>
          </reporter-output>
        </test-method> <!-- test5 -->
        <test-method is-config="true" signature="test44()[pri:0, instance:Academy.demo1@16610890]" started-at="2022-03-10T14:16:55 PST" name="test44" finished-at="2022-03-10T14:16:55 PST" duration-ms="0" status="PASS">
          <reporter-output>
          </reporter-output>
        </test-method> <!-- test44 -->
        <test-method signature="test5(java.lang.String)[pri:0, instance:Academy.demo1@16610890]" started-at="2022-03-10T14:16:55 PST" name="test5" data-provider="getData" finished-at="2022-03-10T14:16:55 PST" duration-ms="0" status="PASS">
          <params>
            <param index="0">
              <value>
                <![CDATA[2]]>
              </value>
            </param>
          </params>
          <reporter-output>
          </reporter-output>
        </test-method> <!-- test5 -->
      </class> <!-- Academy.demo1 -->
    </test> <!-- App Testing -->
    <test started-at="2022-03-10T14:16:55 PST" name="App Testing1" finished-at="2022-03-10T14:16:55 PST" duration-ms="99">
      <class name="Academy.demo2">
        <test-method is-config="true" signature="test1()[pri:0, instance:Academy.demo2@d5b810e]" started-at="2022-03-10T14:16:53 PST" name="test1" finished-at="2022-03-10T14:16:53 PST" duration-ms="25" status="PASS">
          <reporter-output>
          </reporter-output>
        </test-method> <!-- test1 -->
        <test-method is-config="true" signature="test2()[pri:0, instance:Academy.demo2@d5b810e]" started-at="2022-03-10T14:16:55 PST" name="test2" finished-at="2022-03-10T14:16:55 PST" duration-ms="0" status="PASS">
          <reporter-output>
          </reporter-output>
        </test-method> <!-- test2 -->
        <test-method is-config="true" signature="test3()[pri:0, instance:Academy.demo2@d5b810e]" started-at="2022-03-10T14:16:55 PST" name="test3" finished-at="2022-03-10T14:16:55 PST" duration-ms="0" status="PASS">
          <reporter-output>
          </reporter-output>
        </test-method> <!-- test3 -->
        <test-method is-config="true" signature="test44()[pri:0, instance:Academy.demo2@d5b810e]" started-at="2022-03-10T14:16:55 PST" name="test44" finished-at="2022-03-10T14:16:55 PST" duration-ms="1" status="PASS">
          <reporter-output>
          </reporter-output>
        </test-method> <!-- test44 -->
        <test-method signature="test4()[pri:0, instance:Academy.demo2@d5b810e]" started-at="2022-03-10T14:16:55 PST" name="test4" finished-at="2022-03-10T14:16:55 PST" duration-ms="0" status="PASS">
          <reporter-output>
          </reporter-output>
        </test-method> <!-- test4 -->
        <test-method signature="test5()[pri:0, instance:Academy.demo2@d5b810e]" started-at="2022-03-10T14:16:55 PST" name="test5" finished-at="2022-03-10T14:16:55 PST" duration-ms="2" status="FAIL">
          <exception class="junit.framework.AssertionFailedError">
            <full-stacktrace>
              <![CDATA[junit.framework.AssertionFailedError
at junit.framework.Assert.fail(Assert.java:55)
at junit.framework.Assert.assertTrue(Assert.java:22)
at junit.framework.Assert.assertFalse(Assert.java:39)
at junit.framework.Assert.assertFalse(Assert.java:47)
at Academy.demo2.test5(demo2.java:16)
at java.base/jdk.internal.reflect.NativeMethodAccessorImpl.invoke0(Native Method)
at java.base/jdk.internal.reflect.NativeMethodAccessorImpl.invoke(NativeMethodAccessorImpl.java:77)
at java.base/jdk.internal.reflect.DelegatingMethodAccessorImpl.invoke(DelegatingMethodAccessorImpl.java:43)
at java.base/java.lang.reflect.Method.invoke(Method.java:568)
at org.testng.internal.invokers.MethodInvocationHelper.invokeMethod(MethodInvocationHelper.java:135)
at org.testng.internal.invokers.TestInvoker.invokeMethod(TestInvoker.java:673)
at org.testng.internal.invokers.TestInvoker.invokeTestMethod(TestInvoker.java:220)
at org.testng.internal.invokers.MethodRunner.runInSequence(MethodRunner.java:50)
at org.testng.internal.invokers.TestInvoker$MethodInvocationAgent.invoke(TestInvoker.java:945)
at org.testng.internal.invokers.TestInvoker.invokeTestMethods(TestInvoker.java:193)
at org.testng.internal.invokers.TestMethodWorker.invokeTestMethods(TestMethodWorker.java:146)
at org.testng.internal.invokers.TestMethodWorker.run(TestMethodWorker.java:128)
at java.base/java.util.ArrayList.forEach(ArrayList.java:1511)
at org.testng.TestRunner.privateRun(TestRunner.java:808)
at org.testng.TestRunner.run(TestRunner.java:603)
at org.testng.SuiteRunner.runTest(SuiteRunner.java:429)
at org.testng.SuiteRunner.runSequentially(SuiteRunner.java:423)
at org.testng.SuiteRunner.privateRun(SuiteRunner.java:383)
at org.testng.SuiteRunner.run(SuiteRunner.java:326)
at org.testng.SuiteRunnerWorker.runSuite(SuiteRunnerWorker.java:52)
at org.testng.SuiteRunnerWorker.run(SuiteRunnerWorker.java:95)
at org.testng.TestNG.runSuitesSequentially(TestNG.java:1249)
at org.testng.TestNG.runSuitesLocally(TestNG.java:1169)
at org.testng.TestNG.runSuites(TestNG.java:1092)
at org.testng.TestNG.run(TestNG.java:1060)
at org.apache.maven.surefire.testng.TestNGExecutor.run(TestNGExecutor.java:283)
at org.apache.maven.surefire.testng.TestNGXmlTestSuite.execute(TestNGXmlTestSuite.java:75)
at org.apache.maven.surefire.testng.TestNGProvider.invoke(TestNGProvider.java:120)
at org.apache.maven.surefire.booter.ForkedBooter.invokeProviderInSameClassLoader(ForkedBooter.java:384)
at org.apache.maven.surefire.booter.ForkedBooter.runSuitesInProcess(ForkedBooter.java:345)
at org.apache.maven.surefire.booter.ForkedBooter.execute(ForkedBooter.java:126)
at org.apache.maven.surefire.booter.ForkedBooter.main(ForkedBooter.java:418)
]]>
            </full-stacktrace>
          </exception> <!-- junit.framework.AssertionFailedError -->
          <reporter-output>
          </reporter-output>
        </test-method> <!-- test5 -->
        <test-method is-config="true" signature="test44()[pri:0, instance:Academy.demo2@d5b810e]" started-at="2022-03-10T14:16:55 PST" name="test44" finished-at="2022-03-10T14:16:55 PST" duration-ms="0" status="PASS">
          <reporter-output>
          </reporter-output>
        </test-method> <!-- test44 -->
      </class> <!-- Academy.demo2 -->
    </test> <!-- App Testing1 -->
  </suite> <!-- Suite -->
</testng-results>
