-------------------------------------------------------------------------------
Test set: TestSuite
-------------------------------------------------------------------------------
Tests run: 5, Failures: 1, Errors: 0, Skipped: 0, Time elapsed: 2.625 s <<< FAILURE! - in TestSuite
test5(Academy.demo2)  Time elapsed: 0.016 s  <<< FAILURE!
junit.framework.AssertionFailedError
	at Academy.demo2.test5(demo2.java:16)

